<?xml version="1.0" encoding="UTF-8"?>
<!-- Generated by org.testng.reporters.JUnitReportReporter -->
<testsuite skipped="0" hostname="use" name="com.swiggy.order.CreateorderTest" tests="1" failures="0" timestamp="22 Dec 2020 15:29:00 GMT" time="0.033" errors="0">
  <testcase name="order" time="0.033" classname="com.swiggy.order.CreateorderTest"/>
</testsuite> <!-- com.swiggy.order.CreateorderTest -->
