<?xml version="1.0" encoding="UTF-8"?>
<!-- Generated by org.testng.reporters.JUnitReportReporter -->
<testsuite skipped="0" hostname="use" name="com.swiggy.order.Createorder" tests="1" failures="0" timestamp="2020-12-22T19:44:02 IST" time="0.015" errors="0">
  <testcase name="order" time="0.015" classname="com.swiggy.order.Createorder"/>
  <system-out/>
</testsuite> <!-- com.swiggy.order.Createorder -->
